0 verbose cli /data/data/com.termux/files/usr/bin/node /data/data/com.termux/files/usr/bin/npm
1 info using npm@11.12.1
2 info using node@v25.8.2
3 silly config load:file:/data/data/com.termux/files/usr/lib/node_modules/npm/npmrc
4 silly config load:file:/data/data/com.termux/files/home/.npmrc
5 silly config load:file:/data/data/com.termux/files/usr/etc/npmrc
6 verbose title npm install http-server
7 verbose argv "install" "--global" "http-server"
8 verbose logfile logs-max:10 dir:/data/data/com.termux/files/home/.npm/_logs/2026-04-04T03_12_23_859Z-
9 verbose logfile /data/data/com.termux/files/home/.npm/_logs/2026-04-04T03_12_23_859Z-debug-0.log
10 silly packumentCache heap:1118306304 maxSize:279576576 maxEntrySize:139788288
11 silly logfile done cleaning log files
12 silly idealTree buildDeps
13 silly fetch manifest http-server@*
14 silly packumentCache full:https://registry.npmjs.org/http-server cache-miss
15 http fetch GET 200 https://registry.npmjs.org/npm 1409ms
16 http fetch GET 200 https://registry.npmjs.org/http-server 1401ms (cache miss)
17 silly packumentCache full:https://registry.npmjs.org/http-server set size:undefined disposed:false
18 silly placeDep ROOT http-server@14.1.1 OK for:  want: *
19 silly fetch manifest he@^1.2.0
20 silly packumentCache full:https://registry.npmjs.org/he cache-miss
21 silly fetch manifest mime@^1.6.0
22 silly packumentCache full:https://registry.npmjs.org/mime cache-miss
23 silly fetch manifest chalk@^4.1.2
24 silly packumentCache full:https://registry.npmjs.org/chalk cache-miss
25 silly fetch manifest union@~0.5.0
26 silly packumentCache full:https://registry.npmjs.org/union cache-miss
27 silly fetch manifest corser@^2.0.1
28 silly packumentCache full:https://registry.npmjs.org/corser cache-miss
29 silly fetch manifest opener@^1.5.1
30 silly packumentCache full:https://registry.npmjs.org/opener cache-miss
31 silly fetch manifest minimist@^1.2.6
32 silly packumentCache full:https://registry.npmjs.org/minimist cache-miss
33 http fetch GET 200 https://registry.npmjs.org/mime 184ms (cache miss)
34 silly packumentCache full:https://registry.npmjs.org/mime set size:undefined disposed:false
35 silly fetch manifest url-join@^4.0.1
36 silly packumentCache full:https://registry.npmjs.org/url-join cache-miss
37 http fetch GET 200 https://registry.npmjs.org/corser 543ms (cache miss)
38 silly packumentCache full:https://registry.npmjs.org/corser set size:undefined disposed:false
39 silly fetch manifest basic-auth@^2.0.1
40 silly packumentCache full:https://registry.npmjs.org/basic-auth cache-miss
41 http fetch GET 200 https://registry.npmjs.org/opener 565ms (cache miss)
42 silly packumentCache full:https://registry.npmjs.org/opener set size:undefined disposed:false
43 silly fetch manifest http-proxy@^1.18.1
44 silly packumentCache full:https://registry.npmjs.org/http-proxy cache-miss
45 http fetch GET 200 https://registry.npmjs.org/he 625ms (cache miss)
46 silly packumentCache full:https://registry.npmjs.org/he set size:undefined disposed:false
47 silly fetch manifest portfinder@^1.0.28
48 silly packumentCache full:https://registry.npmjs.org/portfinder cache-miss
49 http fetch GET 200 https://registry.npmjs.org/union 638ms (cache miss)
50 silly packumentCache full:https://registry.npmjs.org/union set size:undefined disposed:false
51 silly fetch manifest secure-compare@3.0.1
52 silly packumentCache full:https://registry.npmjs.org/secure-compare cache-miss
53 http fetch GET 200 https://registry.npmjs.org/minimist 677ms (cache miss)
54 silly packumentCache full:https://registry.npmjs.org/minimist set size:undefined disposed:false
55 silly fetch manifest html-encoding-sniffer@^3.0.0
56 silly packumentCache full:https://registry.npmjs.org/html-encoding-sniffer cache-miss
57 http fetch GET 200 https://registry.npmjs.org/chalk 724ms (cache miss)
58 silly packumentCache full:https://registry.npmjs.org/chalk set size:undefined disposed:false
59 http fetch GET 200 https://registry.npmjs.org/url-join 544ms (cache miss)
60 silly packumentCache full:https://registry.npmjs.org/url-join set size:undefined disposed:false
61 http fetch GET 200 https://registry.npmjs.org/basic-auth 205ms (cache miss)
62 silly packumentCache full:https://registry.npmjs.org/basic-auth set size:undefined disposed:false
63 http fetch GET 200 https://registry.npmjs.org/html-encoding-sniffer 124ms (cache miss)
64 silly packumentCache full:https://registry.npmjs.org/html-encoding-sniffer set size:undefined disposed:false
65 http fetch GET 200 https://registry.npmjs.org/http-proxy 491ms (cache miss)
66 silly packumentCache full:https://registry.npmjs.org/http-proxy set size:undefined disposed:false
67 http fetch GET 200 https://registry.npmjs.org/secure-compare 456ms (cache miss)
68 silly packumentCache full:https://registry.npmjs.org/secure-compare set size:undefined disposed:false
69 http fetch GET 200 https://registry.npmjs.org/portfinder 495ms (cache miss)
70 silly packumentCache full:https://registry.npmjs.org/portfinder set size:undefined disposed:false
71 silly placeDep node_modules/http-server basic-auth@2.0.1 OK for: http-server@14.1.1 want: ^2.0.1
72 silly placeDep node_modules/http-server chalk@4.1.2 OK for: http-server@14.1.1 want: ^4.1.2
73 silly placeDep node_modules/http-server corser@2.0.1 OK for: http-server@14.1.1 want: ^2.0.1
74 silly placeDep node_modules/http-server he@1.2.0 OK for: http-server@14.1.1 want: ^1.2.0
75 silly placeDep node_modules/http-server html-encoding-sniffer@3.0.0 OK for: http-server@14.1.1 want: ^3.0.0
76 silly placeDep node_modules/http-server http-proxy@1.18.1 OK for: http-server@14.1.1 want: ^1.18.1
77 silly placeDep node_modules/http-server mime@1.6.0 OK for: http-server@14.1.1 want: ^1.6.0
78 silly placeDep node_modules/http-server minimist@1.2.8 OK for: http-server@14.1.1 want: ^1.2.6
79 silly placeDep node_modules/http-server opener@1.5.2 OK for: http-server@14.1.1 want: ^1.5.1
80 silly placeDep node_modules/http-server portfinder@1.0.38 OK for: http-server@14.1.1 want: ^1.0.28
81 silly placeDep node_modules/http-server secure-compare@3.0.1 OK for: http-server@14.1.1 want: 3.0.1
82 silly placeDep node_modules/http-server union@0.5.0 OK for: http-server@14.1.1 want: ~0.5.0
83 silly placeDep node_modules/http-server url-join@4.0.1 OK for: http-server@14.1.1 want: ^4.0.1
84 silly fetch manifest safe-buffer@5.1.2
85 silly packumentCache full:https://registry.npmjs.org/safe-buffer cache-miss
86 silly fetch manifest ansi-styles@^4.1.0
87 silly packumentCache full:https://registry.npmjs.org/ansi-styles cache-miss
88 silly fetch manifest supports-color@^7.1.0
89 silly packumentCache full:https://registry.npmjs.org/supports-color cache-miss
90 silly fetch manifest whatwg-encoding@^2.0.0
91 silly packumentCache full:https://registry.npmjs.org/whatwg-encoding cache-miss
92 silly fetch manifest eventemitter3@^4.0.0
93 silly packumentCache full:https://registry.npmjs.org/eventemitter3 cache-miss
94 silly fetch manifest requires-port@^1.0.0
95 silly packumentCache full:https://registry.npmjs.org/requires-port cache-miss
96 silly fetch manifest follow-redirects@^1.0.0
97 silly packumentCache full:https://registry.npmjs.org/follow-redirects cache-miss
98 http fetch GET 200 https://registry.npmjs.org/ansi-styles 235ms (cache miss)
99 silly packumentCache full:https://registry.npmjs.org/ansi-styles set size:undefined disposed:false
100 silly fetch manifest async@^3.2.6
101 silly packumentCache full:https://registry.npmjs.org/async cache-miss
102 http fetch GET 200 https://registry.npmjs.org/eventemitter3 255ms (cache miss)
103 silly packumentCache full:https://registry.npmjs.org/eventemitter3 set size:undefined disposed:false
104 silly fetch manifest debug@^4.3.6
105 silly packumentCache full:https://registry.npmjs.org/debug cache-miss
106 http fetch GET 200 https://registry.npmjs.org/safe-buffer 300ms (cache miss)
107 silly packumentCache full:https://registry.npmjs.org/safe-buffer set size:undefined disposed:false
108 silly fetch manifest qs@^6.4.0
109 silly packumentCache full:https://registry.npmjs.org/qs cache-miss
110 http fetch GET 200 https://registry.npmjs.org/supports-color 316ms (cache miss)
111 silly packumentCache full:https://registry.npmjs.org/supports-color set size:undefined disposed:false
112 http fetch GET 200 https://registry.npmjs.org/follow-redirects 400ms (cache miss)
113 silly packumentCache full:https://registry.npmjs.org/follow-redirects set size:undefined disposed:false
114 http fetch GET 200 https://registry.npmjs.org/async 207ms (cache miss)
115 silly packumentCache full:https://registry.npmjs.org/async set size:undefined disposed:false
116 http fetch GET 200 https://registry.npmjs.org/debug 207ms (cache miss)
117 silly packumentCache full:https://registry.npmjs.org/debug set size:undefined disposed:false
118 http fetch GET 200 https://registry.npmjs.org/whatwg-encoding 524ms (cache miss)
119 silly packumentCache full:https://registry.npmjs.org/whatwg-encoding set size:undefined disposed:false
120 http fetch GET 200 https://registry.npmjs.org/requires-port 1035ms (cache miss)
121 silly packumentCache full:https://registry.npmjs.org/requires-port set size:undefined disposed:false
122 http fetch GET 200 https://registry.npmjs.org/qs 764ms (cache miss)
123 silly packumentCache full:https://registry.npmjs.org/qs set size:undefined disposed:false
124 silly placeDep node_modules/http-server safe-buffer@5.1.2 OK for: basic-auth@2.0.1 want: 5.1.2
125 silly placeDep node_modules/http-server ansi-styles@4.3.0 OK for: chalk@4.1.2 want: ^4.1.0
126 silly placeDep node_modules/http-server supports-color@7.2.0 OK for: chalk@4.1.2 want: ^7.1.0
127 silly fetch manifest color-convert@^2.0.1
128 silly packumentCache full:https://registry.npmjs.org/color-convert cache-miss
129 silly fetch manifest has-flag@^4.0.0
130 silly packumentCache full:https://registry.npmjs.org/has-flag cache-miss
131 http fetch GET 200 https://registry.npmjs.org/color-convert 103ms (cache miss)
132 silly packumentCache full:https://registry.npmjs.org/color-convert set size:undefined disposed:false
133 http fetch GET 200 https://registry.npmjs.org/has-flag 366ms (cache miss)
134 silly packumentCache full:https://registry.npmjs.org/has-flag set size:undefined disposed:false
135 silly placeDep node_modules/http-server color-convert@2.0.1 OK for: ansi-styles@4.3.0 want: ^2.0.1
136 silly fetch manifest color-name@~1.1.4
137 silly packumentCache full:https://registry.npmjs.org/color-name cache-miss
138 http fetch GET 200 https://registry.npmjs.org/color-name 111ms (cache miss)
139 silly packumentCache full:https://registry.npmjs.org/color-name set size:undefined disposed:false
140 silly placeDep node_modules/http-server color-name@1.1.4 OK for: color-convert@2.0.1 want: ~1.1.4
141 silly placeDep node_modules/http-server whatwg-encoding@2.0.0 OK for: html-encoding-sniffer@3.0.0 want: ^2.0.0
142 silly fetch manifest iconv-lite@0.6.3
143 silly packumentCache full:https://registry.npmjs.org/iconv-lite cache-miss
144 http fetch GET 200 https://registry.npmjs.org/iconv-lite 118ms (cache miss)
145 silly packumentCache full:https://registry.npmjs.org/iconv-lite set size:undefined disposed:false
146 silly placeDep node_modules/http-server eventemitter3@4.0.7 OK for: http-proxy@1.18.1 want: ^4.0.0
147 silly placeDep node_modules/http-server follow-redirects@1.15.11 OK for: http-proxy@1.18.1 want: ^1.0.0
148 silly placeDep node_modules/http-server requires-port@1.0.0 OK for: http-proxy@1.18.1 want: ^1.0.0
149 silly placeDep node_modules/http-server async@3.2.6 OK for: portfinder@1.0.38 want: ^3.2.6
150 silly placeDep node_modules/http-server debug@4.4.3 OK for: portfinder@1.0.38 want: ^4.3.6
151 silly fetch manifest ms@^2.1.3
152 silly packumentCache full:https://registry.npmjs.org/ms cache-miss
153 http fetch GET 200 https://registry.npmjs.org/ms 121ms (cache miss)
154 silly packumentCache full:https://registry.npmjs.org/ms set size:undefined disposed:false
155 silly placeDep node_modules/http-server ms@2.1.3 OK for: debug@4.4.3 want: ^2.1.3
156 silly placeDep node_modules/http-server has-flag@4.0.0 OK for: supports-color@7.2.0 want: ^4.0.0
157 silly placeDep node_modules/http-server qs@6.15.0 OK for: union@0.5.0 want: ^6.4.0
158 silly fetch manifest side-channel@^1.1.0
159 silly packumentCache full:https://registry.npmjs.org/side-channel cache-miss
160 http fetch GET 200 https://registry.npmjs.org/side-channel 115ms (cache miss)
161 silly packumentCache full:https://registry.npmjs.org/side-channel set size:undefined disposed:false
162 silly placeDep node_modules/http-server side-channel@1.1.0 OK for: qs@6.15.0 want: ^1.1.0
163 silly fetch manifest es-errors@^1.3.0
164 silly packumentCache full:https://registry.npmjs.org/es-errors cache-miss
165 silly fetch manifest object-inspect@^1.13.3
166 silly packumentCache full:https://registry.npmjs.org/object-inspect cache-miss
167 silly fetch manifest side-channel-list@^1.0.0
168 silly packumentCache full:https://registry.npmjs.org/side-channel-list cache-miss
169 silly fetch manifest side-channel-map@^1.0.1
170 silly packumentCache full:https://registry.npmjs.org/side-channel-map cache-miss
171 silly fetch manifest side-channel-weakmap@^1.0.2
172 silly packumentCache full:https://registry.npmjs.org/side-channel-weakmap cache-miss
173 http fetch GET 200 https://registry.npmjs.org/side-channel-map 153ms (cache miss)
174 silly packumentCache full:https://registry.npmjs.org/side-channel-map set size:undefined disposed:false
175 http fetch GET 200 https://registry.npmjs.org/side-channel-list 167ms (cache miss)
176 silly packumentCache full:https://registry.npmjs.org/side-channel-list set size:undefined disposed:false
177 http fetch GET 200 https://registry.npmjs.org/side-channel-weakmap 166ms (cache miss)
178 silly packumentCache full:https://registry.npmjs.org/side-channel-weakmap set size:undefined disposed:false
179 http fetch GET 200 https://registry.npmjs.org/es-errors 193ms (cache miss)
180 silly packumentCache full:https://registry.npmjs.org/es-errors set size:undefined disposed:false
181 http fetch GET 200 https://registry.npmjs.org/object-inspect 590ms (cache miss)
182 silly packumentCache full:https://registry.npmjs.org/object-inspect set size:undefined disposed:false
183 silly placeDep node_modules/http-server es-errors@1.3.0 OK for: side-channel@1.1.0 want: ^1.3.0
184 silly placeDep node_modules/http-server object-inspect@1.13.4 OK for: side-channel@1.1.0 want: ^1.13.3
185 silly placeDep node_modules/http-server side-channel-list@1.0.0 OK for: side-channel@1.1.0 want: ^1.0.0
186 silly placeDep node_modules/http-server side-channel-map@1.0.1 OK for: side-channel@1.1.0 want: ^1.0.1
187 silly placeDep node_modules/http-server side-channel-weakmap@1.0.2 OK for: side-channel@1.1.0 want: ^1.0.2
188 silly fetch manifest call-bound@^1.0.2
189 silly packumentCache full:https://registry.npmjs.org/call-bound cache-miss
190 silly fetch manifest get-intrinsic@^1.2.5
191 silly packumentCache full:https://registry.npmjs.org/get-intrinsic cache-miss
192 silly fetch manifest call-bound@^1.0.2
193 silly packumentCache full:https://registry.npmjs.org/call-bound cache-miss
194 silly fetch manifest get-intrinsic@^1.2.5
195 silly packumentCache full:https://registry.npmjs.org/get-intrinsic cache-miss
196 http fetch GET 200 https://registry.npmjs.org/call-bound 129ms (cache miss)
197 silly packumentCache full:https://registry.npmjs.org/call-bound set size:undefined disposed:false
198 http fetch GET 200 https://registry.npmjs.org/call-bound 131ms (cache miss)
199 silly packumentCache full:https://registry.npmjs.org/call-bound set size:undefined disposed:false
200 http fetch GET 200 https://registry.npmjs.org/get-intrinsic 413ms (cache miss)
201 silly packumentCache full:https://registry.npmjs.org/get-intrinsic set size:undefined disposed:false
202 http fetch GET 200 https://registry.npmjs.org/get-intrinsic 418ms (cache miss)
203 silly packumentCache full:https://registry.npmjs.org/get-intrinsic set size:undefined disposed:false
204 silly placeDep node_modules/http-server call-bound@1.0.4 OK for: side-channel-map@1.0.1 want: ^1.0.2
205 silly placeDep node_modules/http-server get-intrinsic@1.3.0 OK for: side-channel-map@1.0.1 want: ^1.2.5
206 silly fetch manifest call-bind-apply-helpers@^1.0.2
207 silly packumentCache full:https://registry.npmjs.org/call-bind-apply-helpers cache-miss
208 silly fetch manifest get-intrinsic@^1.3.0
209 silly packumentCache full:https://registry.npmjs.org/get-intrinsic cache-miss
210 silly fetch manifest gopd@^1.2.0
211 silly packumentCache full:https://registry.npmjs.org/gopd cache-miss
212 silly fetch manifest hasown@^2.0.2
213 silly packumentCache full:https://registry.npmjs.org/hasown cache-miss
214 silly fetch manifest get-proto@^1.0.1
215 silly packumentCache full:https://registry.npmjs.org/get-proto cache-miss
216 silly fetch manifest has-symbols@^1.1.0
217 silly packumentCache full:https://registry.npmjs.org/has-symbols cache-miss
218 silly fetch manifest function-bind@^1.1.2
219 silly packumentCache full:https://registry.npmjs.org/function-bind cache-miss
220 http cache https://registry.npmjs.org/get-intrinsic 128ms (cache hit)
221 silly packumentCache full:https://registry.npmjs.org/get-intrinsic set size:60985 disposed:false
222 silly fetch manifest es-object-atoms@^1.1.1
223 silly packumentCache full:https://registry.npmjs.org/es-object-atoms cache-miss
224 http fetch GET 200 https://registry.npmjs.org/get-proto 191ms (cache miss)
225 silly packumentCache full:https://registry.npmjs.org/get-proto set size:undefined disposed:false
226 silly fetch manifest math-intrinsics@^1.1.0
227 silly packumentCache full:https://registry.npmjs.org/math-intrinsics cache-miss
228 http fetch GET 200 https://registry.npmjs.org/call-bind-apply-helpers 227ms (cache miss)
229 silly packumentCache full:https://registry.npmjs.org/call-bind-apply-helpers set size:undefined disposed:false
230 silly fetch manifest es-define-property@^1.0.1
231 silly packumentCache full:https://registry.npmjs.org/es-define-property cache-miss
232 http fetch GET 200 https://registry.npmjs.org/has-symbols 229ms (cache miss)
233 silly packumentCache full:https://registry.npmjs.org/has-symbols set size:undefined disposed:false
234 http fetch GET 200 https://registry.npmjs.org/hasown 250ms (cache miss)
235 silly packumentCache full:https://registry.npmjs.org/hasown set size:undefined disposed:false
236 http fetch GET 200 https://registry.npmjs.org/math-intrinsics 126ms (cache miss)
237 silly packumentCache full:https://registry.npmjs.org/math-intrinsics set size:undefined disposed:false
238 http fetch GET 200 https://registry.npmjs.org/function-bind 409ms (cache miss)
239 silly packumentCache full:https://registry.npmjs.org/function-bind set size:undefined disposed:false
240 http fetch GET 200 https://registry.npmjs.org/gopd 440ms (cache miss)
241 silly packumentCache full:https://registry.npmjs.org/gopd set size:undefined disposed:false
242 http fetch GET 200 https://registry.npmjs.org/es-object-atoms 379ms (cache miss)
243 silly packumentCache full:https://registry.npmjs.org/es-object-atoms set size:undefined disposed:false
244 http fetch GET 200 https://registry.npmjs.org/es-define-property 380ms (cache miss)
245 silly packumentCache full:https://registry.npmjs.org/es-define-property set size:undefined disposed:false
246 silly placeDep node_modules/http-server call-bind-apply-helpers@1.0.2 OK for: call-bound@1.0.4 want: ^1.0.2
247 silly placeDep node_modules/http-server function-bind@1.1.2 OK for: call-bind-apply-helpers@1.0.2 want: ^1.1.2
248 silly placeDep node_modules/http-server es-define-property@1.0.1 OK for: get-intrinsic@1.3.0 want: ^1.0.1
249 silly placeDep node_modules/http-server es-object-atoms@1.1.1 OK for: get-intrinsic@1.3.0 want: ^1.1.1
250 silly placeDep node_modules/http-server get-proto@1.0.1 OK for: get-intrinsic@1.3.0 want: ^1.0.1
251 silly placeDep node_modules/http-server gopd@1.2.0 OK for: get-intrinsic@1.3.0 want: ^1.2.0
252 silly placeDep node_modules/http-server has-symbols@1.1.0 OK for: get-intrinsic@1.3.0 want: ^1.1.0
253 silly placeDep node_modules/http-server hasown@2.0.2 OK for: get-intrinsic@1.3.0 want: ^2.0.2
254 silly placeDep node_modules/http-server math-intrinsics@1.1.0 OK for: get-intrinsic@1.3.0 want: ^1.1.0
255 silly fetch manifest dunder-proto@^1.0.1
256 silly packumentCache full:https://registry.npmjs.org/dunder-proto cache-miss
257 http fetch GET 200 https://registry.npmjs.org/dunder-proto 86ms (cache miss)
258 silly packumentCache full:https://registry.npmjs.org/dunder-proto set size:undefined disposed:false
259 silly placeDep node_modules/http-server dunder-proto@1.0.1 OK for: get-proto@1.0.1 want: ^1.0.1
260 silly placeDep node_modules/http-server iconv-lite@0.6.3 OK for: whatwg-encoding@2.0.0 want: 0.6.3
261 silly fetch manifest safer-buffer@>= 2.1.2 < 3.0.0
262 silly packumentCache full:https://registry.npmjs.org/safer-buffer cache-miss
263 http fetch GET 200 https://registry.npmjs.org/safer-buffer 109ms (cache miss)
264 silly packumentCache full:https://registry.npmjs.org/safer-buffer set size:undefined disposed:false
265 silly placeDep node_modules/http-server safer-buffer@2.1.2 OK for: iconv-lite@0.6.3 want: >= 2.1.2 < 3.0.0
266 silly reify moves {}
267 http cache http-server@https://registry.npmjs.org/http-server/-/http-server-14.1.1.tgz 0ms (cache hit)
268 http cache iconv-lite@https://registry.npmjs.org/iconv-lite/-/iconv-lite-0.6.3.tgz 0ms (cache hit)
269 http cache dunder-proto@https://registry.npmjs.org/dunder-proto/-/dunder-proto-1.0.1.tgz 0ms (cache hit)
270 http cache math-intrinsics@https://registry.npmjs.org/math-intrinsics/-/math-intrinsics-1.1.0.tgz 0ms (cache hit)
271 http cache safer-buffer@https://registry.npmjs.org/safer-buffer/-/safer-buffer-2.1.2.tgz 0ms (cache hit)
272 http cache hasown@https://registry.npmjs.org/hasown/-/hasown-2.0.2.tgz 0ms (cache hit)
273 http cache has-symbols@https://registry.npmjs.org/has-symbols/-/has-symbols-1.1.0.tgz 0ms (cache hit)
274 http cache gopd@https://registry.npmjs.org/gopd/-/gopd-1.2.0.tgz 0ms (cache hit)
275 http cache get-proto@https://registry.npmjs.org/get-proto/-/get-proto-1.0.1.tgz 0ms (cache hit)
276 http cache es-object-atoms@https://registry.npmjs.org/es-object-atoms/-/es-object-atoms-1.1.1.tgz 0ms (cache hit)
277 http cache function-bind@https://registry.npmjs.org/function-bind/-/function-bind-1.1.2.tgz 0ms (cache hit)
278 http cache es-define-property@https://registry.npmjs.org/es-define-property/-/es-define-property-1.0.1.tgz 0ms (cache hit)
279 http cache call-bind-apply-helpers@https://registry.npmjs.org/call-bind-apply-helpers/-/call-bind-apply-helpers-1.0.2.tgz 0ms (cache hit)
280 http cache get-intrinsic@https://registry.npmjs.org/get-intrinsic/-/get-intrinsic-1.3.0.tgz 0ms (cache hit)
281 http cache side-channel-weakmap@https://registry.npmjs.org/side-channel-weakmap/-/side-channel-weakmap-1.0.2.tgz 0ms (cache hit)
282 http cache side-channel-map@https://registry.npmjs.org/side-channel-map/-/side-channel-map-1.0.1.tgz 0ms (cache hit)
283 http cache side-channel-list@https://registry.npmjs.org/side-channel-list/-/side-channel-list-1.0.0.tgz 1ms (cache hit)
284 http cache call-bound@https://registry.npmjs.org/call-bound/-/call-bound-1.0.4.tgz 0ms (cache hit)
285 http cache object-inspect@https://registry.npmjs.org/object-inspect/-/object-inspect-1.13.4.tgz 0ms (cache hit)
286 http cache es-errors@https://registry.npmjs.org/es-errors/-/es-errors-1.3.0.tgz 0ms (cache hit)
287 http cache side-channel@https://registry.npmjs.org/side-channel/-/side-channel-1.1.0.tgz 0ms (cache hit)
288 http cache qs@https://registry.npmjs.org/qs/-/qs-6.15.0.tgz 0ms (cache hit)
289 http cache has-flag@https://registry.npmjs.org/has-flag/-/has-flag-4.0.0.tgz 0ms (cache hit)
290 http cache ms@https://registry.npmjs.org/ms/-/ms-2.1.3.tgz 0ms (cache hit)
291 http cache debug@https://registry.npmjs.org/debug/-/debug-4.4.3.tgz 1ms (cache hit)
292 http cache async@https://registry.npmjs.org/async/-/async-3.2.6.tgz 0ms (cache hit)
293 http cache requires-port@https://registry.npmjs.org/requires-port/-/requires-port-1.0.0.tgz 0ms (cache hit)
294 http cache follow-redirects@https://registry.npmjs.org/follow-redirects/-/follow-redirects-1.15.11.tgz 0ms (cache hit)
295 http cache eventemitter3@https://registry.npmjs.org/eventemitter3/-/eventemitter3-4.0.7.tgz 0ms (cache hit)
296 http cache whatwg-encoding@https://registry.npmjs.org/whatwg-encoding/-/whatwg-encoding-2.0.0.tgz 0ms (cache hit)
297 http cache color-name@https://registry.npmjs.org/color-name/-/color-name-1.1.4.tgz 0ms (cache hit)
298 http cache color-convert@https://registry.npmjs.org/color-convert/-/color-convert-2.0.1.tgz 0ms (cache hit)
299 http cache supports-color@https://registry.npmjs.org/supports-color/-/supports-color-7.2.0.tgz 0ms (cache hit)
300 http cache ansi-styles@https://registry.npmjs.org/ansi-styles/-/ansi-styles-4.3.0.tgz 0ms (cache hit)
301 http cache safe-buffer@https://registry.npmjs.org/safe-buffer/-/safe-buffer-5.1.2.tgz 0ms (cache hit)
302 http cache url-join@https://registry.npmjs.org/url-join/-/url-join-4.0.1.tgz 0ms (cache hit)
303 http cache union@https://registry.npmjs.org/union/-/union-0.5.0.tgz 0ms (cache hit)
304 http cache secure-compare@https://registry.npmjs.org/secure-compare/-/secure-compare-3.0.1.tgz 0ms (cache hit)
305 http cache portfinder@https://registry.npmjs.org/portfinder/-/portfinder-1.0.38.tgz 0ms (cache hit)
306 http cache opener@https://registry.npmjs.org/opener/-/opener-1.5.2.tgz 0ms (cache hit)
307 http cache minimist@https://registry.npmjs.org/minimist/-/minimist-1.2.8.tgz 0ms (cache hit)
308 http cache mime@https://registry.npmjs.org/mime/-/mime-1.6.0.tgz 0ms (cache hit)
309 http cache http-proxy@https://registry.npmjs.org/http-proxy/-/http-proxy-1.18.1.tgz 0ms (cache hit)
310 http cache html-encoding-sniffer@https://registry.npmjs.org/html-encoding-sniffer/-/html-encoding-sniffer-3.0.0.tgz 0ms (cache hit)
311 http cache he@https://registry.npmjs.org/he/-/he-1.2.0.tgz 0ms (cache hit)
312 http cache corser@https://registry.npmjs.org/corser/-/corser-2.0.1.tgz 1ms (cache hit)
313 http cache chalk@https://registry.npmjs.org/chalk/-/chalk-4.1.2.tgz 0ms (cache hit)
314 http cache basic-auth@https://registry.npmjs.org/basic-auth/-/basic-auth-2.0.1.tgz 0ms (cache hit)
315 silly tarball no local data for http-server@https://registry.npmjs.org/http-server/-/http-server-14.1.1.tgz. Extracting by manifest.
316 silly tarball no local data for iconv-lite@https://registry.npmjs.org/iconv-lite/-/iconv-lite-0.6.3.tgz. Extracting by manifest.
317 silly tarball no local data for dunder-proto@https://registry.npmjs.org/dunder-proto/-/dunder-proto-1.0.1.tgz. Extracting by manifest.
318 silly tarball no local data for math-intrinsics@https://registry.npmjs.org/math-intrinsics/-/math-intrinsics-1.1.0.tgz. Extracting by manifest.
319 silly tarball no local data for safer-buffer@https://registry.npmjs.org/safer-buffer/-/safer-buffer-2.1.2.tgz. Extracting by manifest.
320 silly tarball no local data for hasown@https://registry.npmjs.org/hasown/-/hasown-2.0.2.tgz. Extracting by manifest.
321 silly tarball no local data for has-symbols@https://registry.npmjs.org/has-symbols/-/has-symbols-1.1.0.tgz. Extracting by manifest.
322 silly tarball no local data for gopd@https://registry.npmjs.org/gopd/-/gopd-1.2.0.tgz. Extracting by manifest.
323 silly tarball no local data for get-proto@https://registry.npmjs.org/get-proto/-/get-proto-1.0.1.tgz. Extracting by manifest.
324 silly tarball no local data for es-object-atoms@https://registry.npmjs.org/es-object-atoms/-/es-object-atoms-1.1.1.tgz. Extracting by manifest.
325 silly tarball no local data for function-bind@https://registry.npmjs.org/function-bind/-/function-bind-1.1.2.tgz. Extracting by manifest.
326 silly tarball no local data for es-define-property@https://registry.npmjs.org/es-define-property/-/es-define-property-1.0.1.tgz. Extracting by manifest.
327 silly tarball no local data for call-bind-apply-helpers@https://registry.npmjs.org/call-bind-apply-helpers/-/call-bind-apply-helpers-1.0.2.tgz. Extracting by manifest.
328 silly tarball no local data for get-intrinsic@https://registry.npmjs.org/get-intrinsic/-/get-intrinsic-1.3.0.tgz. Extracting by manifest.
329 silly tarball no local data for side-channel-weakmap@https://registry.npmjs.org/side-channel-weakmap/-/side-channel-weakmap-1.0.2.tgz. Extracting by manifest.
330 silly tarball no local data for side-channel-map@https://registry.npmjs.org/side-channel-map/-/side-channel-map-1.0.1.tgz. Extracting by manifest.
331 silly tarball no local data for side-channel-list@https://registry.npmjs.org/side-channel-list/-/side-channel-list-1.0.0.tgz. Extracting by manifest.
332 silly tarball no local data for call-bound@https://registry.npmjs.org/call-bound/-/call-bound-1.0.4.tgz. Extracting by manifest.
333 silly tarball no local data for object-inspect@https://registry.npmjs.org/object-inspect/-/object-inspect-1.13.4.tgz. Extracting by manifest.
334 silly tarball no local data for es-errors@https://registry.npmjs.org/es-errors/-/es-errors-1.3.0.tgz. Extracting by manifest.
335 silly tarball no local data for side-channel@https://registry.npmjs.org/side-channel/-/side-channel-1.1.0.tgz. Extracting by manifest.
336 silly tarball no local data for qs@https://registry.npmjs.org/qs/-/qs-6.15.0.tgz. Extracting by manifest.
337 silly tarball no local data for has-flag@https://registry.npmjs.org/has-flag/-/has-flag-4.0.0.tgz. Extracting by manifest.
338 silly tarball no local data for ms@https://registry.npmjs.org/ms/-/ms-2.1.3.tgz. Extracting by manifest.
339 silly tarball no local data for debug@https://registry.npmjs.org/debug/-/debug-4.4.3.tgz. Extracting by manifest.
340 silly tarball no local data for async@https://registry.npmjs.org/async/-/async-3.2.6.tgz. Extracting by manifest.
341 silly tarball no local data for requires-port@https://registry.npmjs.org/requires-port/-/requires-port-1.0.0.tgz. Extracting by manifest.
342 silly tarball no local data for follow-redirects@https://registry.npmjs.org/follow-redirects/-/follow-redirects-1.15.11.tgz. Extracting by manifest.
343 silly tarball no local data for eventemitter3@https://registry.npmjs.org/eventemitter3/-/eventemitter3-4.0.7.tgz. Extracting by manifest.
344 silly tarball no local data for whatwg-encoding@https://registry.npmjs.org/whatwg-encoding/-/whatwg-encoding-2.0.0.tgz. Extracting by manifest.
345 silly tarball no local data for color-name@https://registry.npmjs.org/color-name/-/color-name-1.1.4.tgz. Extracting by manifest.
346 silly tarball no local data for color-convert@https://registry.npmjs.org/color-convert/-/color-convert-2.0.1.tgz. Extracting by manifest.
347 silly tarball no local data for supports-color@https://registry.npmjs.org/supports-color/-/supports-color-7.2.0.tgz. Extracting by manifest.
348 silly tarball no local data for ansi-styles@https://registry.npmjs.org/ansi-styles/-/ansi-styles-4.3.0.tgz. Extracting by manifest.
349 silly tarball no local data for safe-buffer@https://registry.npmjs.org/safe-buffer/-/safe-buffer-5.1.2.tgz. Extracting by manifest.
350 silly tarball no local data for url-join@https://registry.npmjs.org/url-join/-/url-join-4.0.1.tgz. Extracting by manifest.
351 silly tarball no local data for union@https://registry.npmjs.org/union/-/union-0.5.0.tgz. Extracting by manifest.
352 silly tarball no local data for secure-compare@https://registry.npmjs.org/secure-compare/-/secure-compare-3.0.1.tgz. Extracting by manifest.
353 silly tarball no local data for portfinder@https://registry.npmjs.org/portfinder/-/portfinder-1.0.38.tgz. Extracting by manifest.
354 silly tarball no local data for opener@https://registry.npmjs.org/opener/-/opener-1.5.2.tgz. Extracting by manifest.
355 silly tarball no local data for minimist@https://registry.npmjs.org/minimist/-/minimist-1.2.8.tgz. Extracting by manifest.
356 silly tarball no local data for mime@https://registry.npmjs.org/mime/-/mime-1.6.0.tgz. Extracting by manifest.
357 silly tarball no local data for http-proxy@https://registry.npmjs.org/http-proxy/-/http-proxy-1.18.1.tgz. Extracting by manifest.
358 silly tarball no local data for html-encoding-sniffer@https://registry.npmjs.org/html-encoding-sniffer/-/html-encoding-sniffer-3.0.0.tgz. Extracting by manifest.
359 silly tarball no local data for he@https://registry.npmjs.org/he/-/he-1.2.0.tgz. Extracting by manifest.
360 silly tarball no local data for corser@https://registry.npmjs.org/corser/-/corser-2.0.1.tgz. Extracting by manifest.
361 silly tarball no local data for chalk@https://registry.npmjs.org/chalk/-/chalk-4.1.2.tgz. Extracting by manifest.
362 silly tarball no local data for basic-auth@https://registry.npmjs.org/basic-auth/-/basic-auth-2.0.1.tgz. Extracting by manifest.
363 http fetch GET 200 https://registry.npmjs.org/hasown/-/hasown-2.0.2.tgz 2433ms (cache miss)
364 http fetch GET 200 https://registry.npmjs.org/side-channel-map/-/side-channel-map-1.0.1.tgz 2371ms (cache miss)
365 http fetch GET 200 https://registry.npmjs.org/side-channel-list/-/side-channel-list-1.0.0.tgz 2370ms (cache miss)
366 http fetch GET 200 https://registry.npmjs.org/requires-port/-/requires-port-1.0.0.tgz 2305ms (cache miss)
367 http fetch GET 200 https://registry.npmjs.org/has-flag/-/has-flag-4.0.0.tgz 2337ms (cache miss)
368 http fetch GET 200 https://registry.npmjs.org/ms/-/ms-2.1.3.tgz 2334ms (cache miss)
369 http fetch GET 200 https://registry.npmjs.org/call-bound/-/call-bound-1.0.4.tgz 2415ms (cache miss)
370 http fetch GET 200 https://registry.npmjs.org/side-channel/-/side-channel-1.1.0.tgz 2401ms (cache miss)
371 http fetch GET 200 https://registry.npmjs.org/safer-buffer/-/safer-buffer-2.1.2.tgz 2547ms (cache miss)
372 http fetch GET 200 https://registry.npmjs.org/dunder-proto/-/dunder-proto-1.0.1.tgz 2565ms (cache miss)
373 http fetch GET 200 https://registry.npmjs.org/supports-color/-/supports-color-7.2.0.tgz 2377ms (cache miss)
374 http fetch GET 200 https://registry.npmjs.org/color-name/-/color-name-1.1.4.tgz 2394ms (cache miss)
375 http fetch GET 200 https://registry.npmjs.org/debug/-/debug-4.4.3.tgz 2466ms (cache miss)
376 http fetch GET 200 https://registry.npmjs.org/corser/-/corser-2.0.1.tgz 2333ms (cache miss)
377 http fetch GET 200 https://registry.npmjs.org/follow-redirects/-/follow-redirects-1.15.11.tgz 2478ms (cache miss)
378 http fetch GET 200 https://registry.npmjs.org/whatwg-encoding/-/whatwg-encoding-2.0.0.tgz 2469ms (cache miss)
379 warn deprecated whatwg-encoding@2.0.0: Use @exodus/bytes instead for a more spec-conformant and faster implementation
380 http fetch GET 200 https://registry.npmjs.org/color-convert/-/color-convert-2.0.1.tgz 2475ms (cache miss)
381 http fetch GET 200 https://registry.npmjs.org/secure-compare/-/secure-compare-3.0.1.tgz 2442ms (cache miss)
382 http fetch GET 200 https://registry.npmjs.org/html-encoding-sniffer/-/html-encoding-sniffer-3.0.0.tgz 2411ms (cache miss)
383 http fetch GET 200 https://registry.npmjs.org/eventemitter3/-/eventemitter3-4.0.7.tgz 2538ms (cache miss)
384 http fetch GET 200 https://registry.npmjs.org/gopd/-/gopd-1.2.0.tgz 2692ms (cache miss)
385 http fetch GET 200 https://registry.npmjs.org/safe-buffer/-/safe-buffer-5.1.2.tgz 2507ms (cache miss)
386 http fetch GET 200 https://registry.npmjs.org/ansi-styles/-/ansi-styles-4.3.0.tgz 2518ms (cache miss)
387 http fetch GET 200 https://registry.npmjs.org/get-proto/-/get-proto-1.0.1.tgz 2722ms (cache miss)
388 http fetch GET 200 https://registry.npmjs.org/url-join/-/url-join-4.0.1.tgz 2536ms (cache miss)
389 http fetch GET 200 https://registry.npmjs.org/mime/-/mime-1.6.0.tgz 2506ms (cache miss)
390 http fetch GET 200 https://registry.npmjs.org/opener/-/opener-1.5.2.tgz 2525ms (cache miss)
391 http fetch GET 200 https://registry.npmjs.org/portfinder/-/portfinder-1.0.38.tgz 2547ms (cache miss)
392 http fetch GET 200 https://registry.npmjs.org/es-object-atoms/-/es-object-atoms-1.1.1.tgz 2776ms (cache miss)
393 http fetch GET 200 https://registry.npmjs.org/es-errors/-/es-errors-1.3.0.tgz 2728ms (cache miss)
394 http fetch GET 200 https://registry.npmjs.org/basic-auth/-/basic-auth-2.0.1.tgz 2550ms (cache miss)
395 http fetch GET 200 https://registry.npmjs.org/has-symbols/-/has-symbols-1.1.0.tgz 2870ms (cache miss)
396 http fetch GET 200 https://registry.npmjs.org/side-channel-weakmap/-/side-channel-weakmap-1.0.2.tgz 2827ms (cache miss)
397 http fetch GET 200 https://registry.npmjs.org/es-define-property/-/es-define-property-1.0.1.tgz 2890ms (cache miss)
398 http fetch GET 200 https://registry.npmjs.org/he/-/he-1.2.0.tgz 2656ms (cache miss)
399 http fetch GET 200 https://registry.npmjs.org/function-bind/-/function-bind-1.1.2.tgz 2914ms (cache miss)
400 http fetch GET 200 https://registry.npmjs.org/call-bind-apply-helpers/-/call-bind-apply-helpers-1.0.2.tgz 2922ms (cache miss)
401 http fetch GET 200 https://registry.npmjs.org/get-intrinsic/-/get-intrinsic-1.3.0.tgz 2919ms (cache miss)
402 http fetch GET 200 https://registry.npmjs.org/chalk/-/chalk-4.1.2.tgz 2728ms (cache miss)
403 http fetch GET 200 https://registry.npmjs.org/math-intrinsics/-/math-intrinsics-1.1.0.tgz 3074ms (cache miss)
404 http fetch GET 200 https://registry.npmjs.org/http-proxy/-/http-proxy-1.18.1.tgz 2901ms (cache miss)
405 http fetch GET 200 https://registry.npmjs.org/qs/-/qs-6.15.0.tgz 3105ms (cache miss)
406 http fetch GET 200 https://registry.npmjs.org/minimist/-/minimist-1.2.8.tgz 2997ms (cache miss)
407 http fetch GET 200 https://registry.npmjs.org/object-inspect/-/object-inspect-1.13.4.tgz 3174ms (cache miss)
408 http fetch GET 200 https://registry.npmjs.org/http-server/-/http-server-14.1.1.tgz 3376ms (cache miss)
409 http fetch GET 200 https://registry.npmjs.org/iconv-lite/-/iconv-lite-0.6.3.tgz 3444ms (cache miss)
410 http fetch GET 200 https://registry.npmjs.org/union/-/union-0.5.0.tgz 3216ms (cache miss)
411 http fetch GET 200 https://registry.npmjs.org/async/-/async-3.2.6.tgz 3412ms (cache miss)
412 silly ADD node_modules/http-server
413 silly ADD node_modules/http-server/node_modules/safer-buffer
414 silly ADD node_modules/http-server/node_modules/iconv-lite
415 silly ADD node_modules/http-server/node_modules/dunder-proto
416 silly ADD node_modules/http-server/node_modules/math-intrinsics
417 silly ADD node_modules/http-server/node_modules/hasown
418 silly ADD node_modules/http-server/node_modules/has-symbols
419 silly ADD node_modules/http-server/node_modules/gopd
420 silly ADD node_modules/http-server/node_modules/get-proto
421 silly ADD node_modules/http-server/node_modules/es-object-atoms
422 silly ADD node_modules/http-server/node_modules/es-define-property
423 silly ADD node_modules/http-server/node_modules/function-bind
424 silly ADD node_modules/http-server/node_modules/call-bind-apply-helpers
425 silly ADD node_modules/http-server/node_modules/get-intrinsic
426 silly ADD node_modules/http-server/node_modules/call-bound
427 silly ADD node_modules/http-server/node_modules/side-channel-weakmap
428 silly ADD node_modules/http-server/node_modules/side-channel-map
429 silly ADD node_modules/http-server/node_modules/side-channel-list
430 silly ADD node_modules/http-server/node_modules/object-inspect
431 silly ADD node_modules/http-server/node_modules/es-errors
432 silly ADD node_modules/http-server/node_modules/side-channel
433 silly ADD node_modules/http-server/node_modules/qs
434 silly ADD node_modules/http-server/node_modules/has-flag
435 silly ADD node_modules/http-server/node_modules/ms
436 silly ADD node_modules/http-server/node_modules/debug
437 silly ADD node_modules/http-server/node_modules/async
438 silly ADD node_modules/http-server/node_modules/requires-port
439 silly ADD node_modules/http-server/node_modules/follow-redirects
440 silly ADD node_modules/http-server/node_modules/eventemitter3
441 silly ADD node_modules/http-server/node_modules/whatwg-encoding
442 silly ADD node_modules/http-server/node_modules/color-name
443 silly ADD node_modules/http-server/node_modules/color-convert
444 silly ADD node_modules/http-server/node_modules/supports-color
445 silly ADD node_modules/http-server/node_modules/ansi-styles
446 silly ADD node_modules/http-server/node_modules/safe-buffer
447 silly ADD node_modules/http-server/node_modules/url-join
448 silly ADD node_modules/http-server/node_modules/union
449 silly ADD node_modules/http-server/node_modules/secure-compare
450 silly ADD node_modules/http-server/node_modules/portfinder
451 silly ADD node_modules/http-server/node_modules/opener
452 silly ADD node_modules/http-server/node_modules/minimist
453 silly ADD node_modules/http-server/node_modules/mime
454 silly ADD node_modules/http-server/node_modules/http-proxy
455 silly ADD node_modules/http-server/node_modules/html-encoding-sniffer
456 silly ADD node_modules/http-server/node_modules/he
457 silly ADD node_modules/http-server/node_modules/corser
458 silly ADD node_modules/http-server/node_modules/chalk
459 silly ADD node_modules/http-server/node_modules/basic-auth
460 verbose cwd /data/data/com.termux/files/home/ffpanel
461 verbose os Linux 4.14.193+-ab478
462 verbose node v25.8.2
463 verbose npm  v11.12.1
464 verbose exit 0
465 info ok
